<?xml version="1.0" encoding="UTF-8"?>
<!-- Generated by org.testng.reporters.JUnitReportReporter -->
<testsuite hostname="DESKTOP-UUO28TU" failures="0" tests="1" name="com.bdd.automation.stepdefinations.TestRunner" time="42.874" errors="0" timestamp="2023-04-09T20:08:08 IST" skipped="0">
  <testcase classname="com.bdd.automation.stepdefinations.TestRunner" name="runScenario" time="42.874"/>
  <system-out/>
</testsuite> <!-- com.bdd.automation.stepdefinations.TestRunner -->
