<?xml version="1.0" encoding="UTF-8"?>
<!-- Generated by org.testng.reporters.JUnitReportReporter -->
<testsuite hostname="LAPTOP-DGE0ICKV" failures="0" tests="1" name="com.bdd.automation.runner.TestRunner" time="20.280" errors="0" timestamp="2024-09-27T16:31:49 IST" skipped="0">
  <testcase classname="com.bdd.automation.runner.TestRunner" name="runScenario" time="20.280"/>
  <system-out/>
</testsuite> <!-- com.bdd.automation.runner.TestRunner -->
